Warning[205] C:\USERS\ASUS\DESKTOP\UNIVERSITY-PROJECTS\LAB-EMBEDDED-PROJ\ALL-CHALLENGES\CH_1.ASM 2 : Found directive in column 1. (__CONFIG)
Warning[205] C:\USERS\ASUS\DESKTOP\UNIVERSITY-PROJECTS\LAB-EMBEDDED-PROJ\ALL-CHALLENGES\CH_1.ASM 4 : Found directive in column 1. (CBLOCK)
Warning[205] C:\USERS\ASUS\DESKTOP\UNIVERSITY-PROJECTS\LAB-EMBEDDED-PROJ\ALL-CHALLENGES\CH_1.ASM 26 : Found directive in column 1. (ENDC)
Message[302] C:\USERS\ASUS\DESKTOP\UNIVERSITY-PROJECTS\LAB-EMBEDDED-PROJ\ALL-CHALLENGES\CH_1.ASM 61 : Register in operand not in bank 0.  Ensure that bank bits are correct.
Message[302] C:\USERS\ASUS\DESKTOP\UNIVERSITY-PROJECTS\LAB-EMBEDDED-PROJ\ALL-CHALLENGES\CH_1.ASM 63 : Register in operand not in bank 0.  Ensure that bank bits are correct.
Message[302] C:\USERS\ASUS\DESKTOP\UNIVERSITY-PROJECTS\LAB-EMBEDDED-PROJ\ALL-CHALLENGES\CH_1.ASM 65 : Register in operand not in bank 0.  Ensure that bank bits are correct.
Message[302] C:\USERS\ASUS\DESKTOP\UNIVERSITY-PROJECTS\LAB-EMBEDDED-PROJ\ALL-CHALLENGES\CH_1.ASM 71 : Register in operand not in bank 0.  Ensure that bank bits are correct.
Message[302] C:\USERS\ASUS\DESKTOP\UNIVERSITY-PROJECTS\LAB-EMBEDDED-PROJ\ALL-CHALLENGES\CH_1.ASM 73 : Register in operand not in bank 0.  Ensure that bank bits are correct.
Message[305] C:\USERS\ASUS\DESKTOP\UNIVERSITY-PROJECTS\LAB-EMBEDDED-PROJ\ALL-CHALLENGES\CH_1.ASM 157 : Using default destination of 1 (file).
Warning[202] C:\USERS\ASUS\DESKTOP\UNIVERSITY-PROJECTS\LAB-EMBEDDED-PROJ\ALL-CHALLENGES\CH_1.ASM 320 : Argument out of range.  Least significant bits used.
Warning[202] C:\USERS\ASUS\DESKTOP\UNIVERSITY-PROJECTS\LAB-EMBEDDED-PROJ\ALL-CHALLENGES\CH_1.ASM 457 : Argument out of range.  Least significant bits used.
Message[302] C:\USERS\ASUS\DESKTOP\UNIVERSITY-PROJECTS\LAB-EMBEDDED-PROJ\ALL-CHALLENGES\CH_1.ASM 458 : Register in operand not in bank 0.  Ensure that bank bits are correct.
Message[302] C:\USERS\ASUS\DESKTOP\UNIVERSITY-PROJECTS\LAB-EMBEDDED-PROJ\ALL-CHALLENGES\CH_1.ASM 462 : Register in operand not in bank 0.  Ensure that bank bits are correct.
Message[302] C:\USERS\ASUS\DESKTOP\UNIVERSITY-PROJECTS\LAB-EMBEDDED-PROJ\ALL-CHALLENGES\CH_1.ASM 464 : Register in operand not in bank 0.  Ensure that bank bits are correct.
Message[302] C:\USERS\ASUS\DESKTOP\UNIVERSITY-PROJECTS\LAB-EMBEDDED-PROJ\ALL-CHALLENGES\CH_1.ASM 466 : Register in operand not in bank 0.  Ensure that bank bits are correct.
Message[302] C:\USERS\ASUS\DESKTOP\UNIVERSITY-PROJECTS\LAB-EMBEDDED-PROJ\ALL-CHALLENGES\CH_1.ASM 469 : Register in operand not in bank 0.  Ensure that bank bits are correct.
Warning[202] C:\USERS\ASUS\DESKTOP\UNIVERSITY-PROJECTS\LAB-EMBEDDED-PROJ\ALL-CHALLENGES\CH_1.ASM 472 : Argument out of range.  Least significant bits used.
Warning[207] C:\USERS\ASUS\DESKTOP\UNIVERSITY-PROJECTS\LAB-EMBEDDED-PROJ\ALL-CHALLENGES\CH_1.ASM 539 : Found label after column 1. (DELAY_20MS)
Message[302] C:\USERS\ASUS\DESKTOP\UNIVERSITY-PROJECTS\LAB-EMBEDDED-PROJ\ALL-CHALLENGES\CH_1.ASM 562 : Register in operand not in bank 0.  Ensure that bank bits are correct.
Message[302] C:\USERS\ASUS\DESKTOP\UNIVERSITY-PROJECTS\LAB-EMBEDDED-PROJ\ALL-CHALLENGES\CH_1.ASM 565 : Register in operand not in bank 0.  Ensure that bank bits are correct.
Message[302] C:\USERS\ASUS\DESKTOP\UNIVERSITY-PROJECTS\LAB-EMBEDDED-PROJ\ALL-CHALLENGES\CH_1.ASM 567 : Register in operand not in bank 0.  Ensure that bank bits are correct.
Message[302] C:\USERS\ASUS\DESKTOP\UNIVERSITY-PROJECTS\LAB-EMBEDDED-PROJ\ALL-CHALLENGES\CH_1.ASM 568 : Register in operand not in bank 0.  Ensure that bank bits are correct.
Message[302] C:\USERS\ASUS\DESKTOP\UNIVERSITY-PROJECTS\LAB-EMBEDDED-PROJ\ALL-CHALLENGES\CH_1.ASM 569 : Register in operand not in bank 0.  Ensure that bank bits are correct.
Message[302] C:\USERS\ASUS\DESKTOP\UNIVERSITY-PROJECTS\LAB-EMBEDDED-PROJ\ALL-CHALLENGES\CH_1.ASM 570 : Register in operand not in bank 0.  Ensure that bank bits are correct.
Message[305] C:\USERS\ASUS\DESKTOP\UNIVERSITY-PROJECTS\LAB-EMBEDDED-PROJ\ALL-CHALLENGES\CH_1.ASM 641 : Using default destination of 1 (file).
Message[305] C:\USERS\ASUS\DESKTOP\UNIVERSITY-PROJECTS\LAB-EMBEDDED-PROJ\ALL-CHALLENGES\CH_1.ASM 644 : Using default destination of 1 (file).
Message[302] C:\USERS\ASUS\DESKTOP\UNIVERSITY-PROJECTS\LAB-EMBEDDED-PROJ\ALL-CHALLENGES\CH_1.ASM 730 : Register in operand not in bank 0.  Ensure that bank bits are correct.
Message[302] C:\USERS\ASUS\DESKTOP\UNIVERSITY-PROJECTS\LAB-EMBEDDED-PROJ\ALL-CHALLENGES\CH_1.ASM 740 : Register in operand not in bank 0.  Ensure that bank bits are correct.
Message[302] C:\USERS\ASUS\DESKTOP\UNIVERSITY-PROJECTS\LAB-EMBEDDED-PROJ\ALL-CHALLENGES\CH_1.ASM 772 : Register in operand not in bank 0.  Ensure that bank bits are correct.
Warning[205] C:\USERS\ASUS\DESKTOP\UNIVERSITY-PROJECTS\LAB-EMBEDDED-PROJ\ALL-CHALLENGES\CH_1.ASM 959 : Found directive in column 1. (END)
